\BOOKMARK [1][-]{section.1}{\376\377\000I\000n\000t\000r\000o\000d\000u\000c\000t\000i\000o\000n}{}% 1
\BOOKMARK [1][-]{section.2}{\376\377\000O\000v\000e\000r\000v\000i\000e\000w\000\040\000o\000f\000\040\000p\000r\000o\000g\000r\000a\000m\000\040\000u\000s\000e}{}% 2
\BOOKMARK [1][-]{section.3}{\376\377\000Q\000u\000i\000c\000k\000S\000t\000a\000r\000t}{}% 3
\BOOKMARK [2][-]{subsection.3.1}{\376\377\000R\000e\000q\000u\000i\000r\000e\000m\000e\000n\000t\000s}{section.3}% 4
\BOOKMARK [2][-]{subsection.3.2}{\376\377\000O\000b\000t\000a\000i\000n\000i\000n\000g\000\040\000a\000n\000d\000\040\000I\000n\000s\000t\000a\000l\000l\000i\000n\000g\000\040\000P\000h\000y\000G}{section.3}% 5
\BOOKMARK [1][-]{section.4}{\376\377\000I\000n\000p\000u\000t\000\040\000D\000a\000t\000a\000\040\000F\000o\000r\000m\000a\000t\000s}{}% 6
\BOOKMARK [2][-]{subsection.4.1}{\376\377\000f\000a\000s\000t\000a}{section.4}% 7
\BOOKMARK [2][-]{subsection.4.2}{\376\377\000f\000a\000s\000t\000c}{section.4}% 8
\BOOKMARK [2][-]{subsection.4.3}{\376\377\000T\000N\000T}{section.4}% 9
\BOOKMARK [1][-]{section.5}{\376\377\000I\000n\000p\000u\000t\000\040\000G\000r\000a\000p\000h\000\040\000F\000o\000r\000m\000a\000t\000s}{}% 10
\BOOKMARK [1][-]{section.6}{\376\377\000O\000u\000t\000p\000u\000t\000\040\000G\000r\000a\000p\000h\000\040\000F\000o\000r\000m\000a\000t\000s}{}% 11
\BOOKMARK [1][-]{section.7}{\376\377\000C\000o\000m\000m\000a\000n\000d\000\040\000O\000p\000t\000i\000o\000n\000s}{}% 12
\BOOKMARK [1][-]{section.8}{\376\377\000P\000r\000o\000g\000r\000a\000m\000\040\000U\000s\000e}{}% 13
\BOOKMARK [1][-]{section.9}{\376\377\000C\000o\000m\000m\000a\000n\000d\000s}{}% 14
\BOOKMARK [2][-]{subsection.9.1}{\376\377\000P\000h\000y\000G\000\040\000C\000o\000m\000m\000a\000n\000d\000\040\000S\000t\000r\000u\000c\000t\000u\000r\000e}{section.9}% 15
\BOOKMARK [2][-]{subsection.9.2}{\376\377\000C\000o\000m\000m\000a\000n\000d\000\040\000o\000r\000d\000e\000r\000\040\000a\000n\000d\000\040\000p\000r\000o\000c\000e\000s\000s\000i\000n\000g}{section.9}% 16
\BOOKMARK [1][-]{section.10}{\376\377\000C\000o\000m\000m\000a\000n\000d\000\040\000r\000e\000f\000e\000r\000e\000n\000c\000e}{}% 17
\BOOKMARK [2][-]{subsection.10.1}{\376\377\000B\000u\000i\000l\000d}{section.10}% 18
\BOOKMARK [2][-]{subsection.10.2}{\376\377\000F\000u\000s\000e}{section.10}% 19
\BOOKMARK [2][-]{subsection.10.3}{\376\377\000R\000e\000a\000d}{section.10}% 20
\BOOKMARK [2][-]{subsection.10.4}{\376\377\000R\000e\000b\000l\000o\000c\000k}{section.10}% 21
\BOOKMARK [2][-]{subsection.10.5}{\376\377\000R\000e\000n\000a\000m\000e}{section.10}% 22
\BOOKMARK [2][-]{subsection.10.6}{\376\377\000R\000e\000f\000i\000n\000e}{section.10}% 23
\BOOKMARK [2][-]{subsection.10.7}{\376\377\000R\000e\000p\000o\000r\000t}{section.10}% 24
\BOOKMARK [2][-]{subsection.10.8}{\376\377\000R\000u\000n}{section.10}% 25
\BOOKMARK [2][-]{subsection.10.9}{\376\377\000S\000e\000a\000r\000c\000h}{section.10}% 26
\BOOKMARK [2][-]{subsection.10.10}{\376\377\000S\000e\000l\000e\000c\000t}{section.10}% 27
\BOOKMARK [2][-]{subsection.10.11}{\376\377\000S\000e\000t}{section.10}% 28
\BOOKMARK [2][-]{subsection.10.12}{\376\377\000S\000u\000p\000p\000o\000r\000t}{section.10}% 29
\BOOKMARK [2][-]{subsection.10.13}{\376\377\000S\000w\000a\000p}{section.10}% 30
\BOOKMARK [2][-]{subsection.10.14}{\376\377\000T\000r\000a\000n\000s\000f\000o\000r\000m}{section.10}% 31
\BOOKMARK [1][-]{section.11}{\376\377\000E\000x\000a\000m\000p\000l\000e\000\040\000S\000c\000r\000i\000p\000t\000\040\000F\000i\000l\000e\000s}{}% 32
\BOOKMARK [1][-]{section.12}{\376\377\000E\000x\000e\000c\000u\000t\000i\000o\000n\000\040\000i\000n\000\040\000P\000a\000r\000a\000l\000l\000e\000l}{}% 33
\BOOKMARK [1][-]{section.13}{\376\377\000B\000i\000b\000l\000i\000o\000g\000r\000a\000p\000h\000y}{}% 34
