This is pdfTeX, Version 3.141592653-2.6-1.40.22 (TeX Live 2021) (preloaded format=pdflatex 2021.10.21)  16 MAR 2022 09:26
entering extended mode
 restricted \write18 enabled.
 %&-line parsing enabled.
**PhyGraphUserManual.tex
(./PhyGraphUserManual.tex
LaTeX2e <2020-10-01> patch level 4
L3 programming layer <2021-02-18>
(/usr/local/texlive/2021/texmf-dist/tex/latex/base/article.cls
Document Class: article 2020/04/10 v1.4m Standard LaTeX document class
(/usr/local/texlive/2021/texmf-dist/tex/latex/base/size11.clo
File: size11.clo 2020/04/10 v1.4m Standard LaTeX file (size option)
)
\c@part=\count179
\c@section=\count180
\c@subsection=\count181
\c@subsubsection=\count182
\c@paragraph=\count183
\c@subparagraph=\count184
\c@figure=\count185
\c@table=\count186
\abovecaptionskip=\skip47
\belowcaptionskip=\skip48
\bibindent=\dimen138
)
(/usr/local/texlive/2021/texmf-dist/tex/latex/tools/longtable.sty
Package: longtable 2020/01/07 v4.13 Multi-page Table package (DPC)
\LTleft=\skip49
\LTright=\skip50
\LTpre=\skip51
\LTpost=\skip52
\LTchunksize=\count187
\LTcapwidth=\dimen139
\LT@head=\box47
\LT@firsthead=\box48
\LT@foot=\box49
\LT@lastfoot=\box50
\LT@cols=\count188
\LT@rows=\count189
\c@LT@tables=\count190
\c@LT@chunks=\count191
\LT@p@ftn=\toks15
)
(/usr/local/texlive/2021/texmf-dist/tex/latex/graphics/color.sty
Package: color 2020/02/24 v1.2b Standard LaTeX Color (DPC)

(/usr/local/texlive/2021/texmf-dist/tex/latex/graphics-cfg/color.cfg
File: color.cfg 2016/01/02 v1.6 sample color configuration
)
Package color Info: Driver file: pdftex.def on input line 147.

(/usr/local/texlive/2021/texmf-dist/tex/latex/graphics-def/pdftex.def
File: pdftex.def 2020/10/05 v1.2a Graphics/color driver for pdftex
))
(/usr/local/texlive/2021/texmf-dist/tex/latex/tabu/tabu.sty
Package: tabu 2019/01/11 v2.9 - flexible LaTeX tabulars (FC+tabu-fixed)

(/usr/local/texlive/2021/texmf-dist/tex/latex/tools/array.sty
Package: array 2020/10/01 v2.5c Tabular extension package (FMi)
\col@sep=\dimen140
\ar@mcellbox=\box51
\extrarowheight=\dimen141
\NC@list=\toks16
\extratabsurround=\skip53
\backup@length=\skip54
\ar@cellbox=\box52
)
(/usr/local/texlive/2021/texmf-dist/tex/latex/varwidth/varwidth.sty
Package: varwidth 2009/03/30 ver 0.92;  Variable-width minipages
\@vwid@box=\box53
\sift@deathcycles=\count192
\@vwid@loff=\dimen142
\@vwid@roff=\dimen143
)
\c@taburow=\count193
\tabu@nbcols=\count194
\tabu@cnt=\count195
\tabu@Xcol=\count196
\tabu@alloc=\count197
\tabu@nested=\count198
\tabu@target=\dimen144
\tabu@spreadtarget=\dimen145
\tabu@naturalX=\dimen146
\tabucolX=\dimen147
\tabu@Xsum=\dimen148
\extrarowdepth=\dimen149
\abovetabulinesep=\dimen150
\belowtabulinesep=\dimen151
\tabustrutrule=\dimen152
\tabu@thebody=\toks17
\tabu@footnotes=\toks18
\tabu@box=\box54
\tabu@arstrutbox=\box55
\tabu@hleads=\box56
\tabu@vleads=\box57
\tabu@cellskip=\skip55
)
(/usr/local/texlive/2021/texmf-dist/tex/latex/setspace/setspace.sty
Package: setspace 2011/12/19 v6.7a set line spacing
)
(/usr/local/texlive/2021/texmf-dist/tex/latex/pdflscape/pdflscape.sty
Package: pdflscape 2019/12/05 v0.12 Display of landscape pages in PDF (HO)

(/usr/local/texlive/2021/texmf-dist/tex/generic/iftex/iftex.sty
Package: iftex 2020/03/06 v1.0d TeX engine tests
)
(/usr/local/texlive/2021/texmf-dist/tex/latex/graphics/lscape.sty
Package: lscape 2020/05/28 v3.02 Landscape Pages (DPC)

(/usr/local/texlive/2021/texmf-dist/tex/latex/graphics/graphics.sty
Package: graphics 2020/08/30 v1.4c Standard LaTeX Graphics (DPC,SPQR)

(/usr/local/texlive/2021/texmf-dist/tex/latex/graphics/trig.sty
Package: trig 2016/01/03 v1.10 sin cos tan (DPC)
)
(/usr/local/texlive/2021/texmf-dist/tex/latex/graphics-cfg/graphics.cfg
File: graphics.cfg 2016/06/04 v1.11 sample graphics configuration
)
Package graphics Info: Driver file: pdftex.def on input line 105.
))
Package pdflscape Info: Auto-detected driver: pdftex on input line 81.
)
(/usr/local/texlive/2021/texmf-dist/tex/latex/graphics/graphicx.sty
Package: graphicx 2020/09/09 v1.2b Enhanced LaTeX Graphics (DPC,SPQR)

(/usr/local/texlive/2021/texmf-dist/tex/latex/graphics/keyval.sty
Package: keyval 2014/10/28 v1.15 key=value parser (DPC)
\KV@toks@=\toks19
)
\Gin@req@height=\dimen153
\Gin@req@width=\dimen154
)
(/usr/local/texlive/2021/texmf-dist/tex/latex/caption/caption.sty
Package: caption 2020/10/26 v3.5g Customizing captions (AR)

(/usr/local/texlive/2021/texmf-dist/tex/latex/caption/caption3.sty
Package: caption3 2020/10/21 v2.2e caption3 kernel (AR)
\captionmargin=\dimen155
\captionmargin@=\dimen156
\captionwidth=\dimen157
\caption@tempdima=\dimen158
\caption@indent=\dimen159
\caption@parindent=\dimen160
\caption@hangindent=\dimen161
Package caption Info: Standard document class detected.
)
\c@caption@flags=\count199
\c@continuedfloat=\count266
Package caption Info: longtable package is loaded.

(/usr/local/texlive/2021/texmf-dist/tex/latex/caption/ltcaption.sty
Package: ltcaption 2020/05/30 v1.4b longtable captions (AR)
))
(/usr/local/texlive/2021/texmf-dist/tex/latex/caption/subcaption.sty
Package: subcaption 2020/10/07 v1.3j Sub-captions (AR)
\c@subfigure=\count267
\c@subtable=\count268
)
(/usr/local/texlive/2021/texmf-dist/tex/latex/natbib/natbib.sty
Package: natbib 2010/09/13 8.31b (PWD, AO)
\bibhang=\skip56
\bibsep=\skip57
LaTeX Info: Redefining \cite on input line 694.
\c@NAT@ctr=\count269
)
(/usr/local/texlive/2021/texmf-dist/tex/latex/preprint/fullpage.sty
Package: fullpage 1999/02/23 1.1 (PWD)
\FP@margin=\skip58
)
(/usr/local/texlive/2021/texmf-dist/tex/latex/algorithms/algorithmic.sty
Package: algorithmic 2009/08/24 v0.1 Document Style `algorithmic'

(/usr/local/texlive/2021/texmf-dist/tex/latex/base/ifthen.sty
Package: ifthen 2014/09/29 v1.1c Standard LaTeX ifthen package (DPC)
)
\c@ALC@unique=\count270
\c@ALC@line=\count271
\c@ALC@rem=\count272
\c@ALC@depth=\count273
\ALC@tlm=\skip59
\algorithmicindent=\skip60
)
(/usr/local/texlive/2021/texmf-dist/tex/latex/algorithm2e/algorithm2e.sty
Package: algorithm2e 2017/07/18 v5.2 algorithms environments
\c@AlgoLine=\count274
\algocf@hangindent=\skip61

(/usr/local/texlive/2021/texmf-dist/tex/latex/ifoddpage/ifoddpage.sty
Package: ifoddpage 2016/04/23 v1.1 Conditionals for odd/even page detection
\c@checkoddpage=\count275
)
(/usr/local/texlive/2021/texmf-dist/tex/latex/tools/xspace.sty
Package: xspace 2014/10/28 v1.13 Space after command names (DPC,MH)
)
(/usr/local/texlive/2021/texmf-dist/tex/latex/relsize/relsize.sty
Package: relsize 2013/03/29 ver 4.1
)
\skiptotal=\skip62
\skiplinenumber=\skip63
\skiprule=\skip64
\skiphlne=\skip65
\skiptext=\skip66
\skiplength=\skip67
\algomargin=\skip68
\skipalgocfslide=\skip69
\algowidth=\dimen162
\inoutsize=\dimen163
\inoutindent=\dimen164
\interspacetitleruled=\dimen165
\interspacealgoruled=\dimen166
\interspacetitleboxruled=\dimen167
\algocf@ruledwidth=\skip70
\algocf@inoutbox=\box58
\algocf@inputbox=\box59
\AlCapSkip=\skip71
\AlCapHSkip=\skip72
\algoskipindent=\skip73
\algocf@nlbox=\box60
\algocf@hangingbox=\box61
\algocf@untilbox=\box62
\algocf@skipuntil=\skip74
\algocf@capbox=\box63
\algocf@lcaptionbox=\skip75
\algoheightruledefault=\skip76
\algoheightrule=\skip77
\algotitleheightruledefault=\skip78
\algotitleheightrule=\skip79
\c@algocfline=\count276
\c@algocfproc=\count277
\c@algocf=\count278
\algocf@algoframe=\box64
\algocf@algobox=\box65
)
(/usr/local/texlive/2021/texmf-dist/tex/latex/amsmath/amsmath.sty
Package: amsmath 2020/09/23 v2.17i AMS math features
\@mathmargin=\skip80

For additional information on amsmath, use the `?' option.
(/usr/local/texlive/2021/texmf-dist/tex/latex/amsmath/amstext.sty
Package: amstext 2000/06/29 v2.01 AMS text

(/usr/local/texlive/2021/texmf-dist/tex/latex/amsmath/amsgen.sty
File: amsgen.sty 1999/11/30 v2.0 generic functions
\@emptytoks=\toks20
\ex@=\dimen168
))
(/usr/local/texlive/2021/texmf-dist/tex/latex/amsmath/amsbsy.sty
Package: amsbsy 1999/11/29 v1.2d Bold Symbols
\pmbraise@=\dimen169
)
(/usr/local/texlive/2021/texmf-dist/tex/latex/amsmath/amsopn.sty
Package: amsopn 2016/03/08 v2.02 operator names
)
\inf@bad=\count279
LaTeX Info: Redefining \frac on input line 234.
\uproot@=\count280
\leftroot@=\count281
LaTeX Info: Redefining \overline on input line 399.
\classnum@=\count282
\DOTSCASE@=\count283
LaTeX Info: Redefining \ldots on input line 496.
LaTeX Info: Redefining \dots on input line 499.
LaTeX Info: Redefining \cdots on input line 620.
\Mathstrutbox@=\box66
\strutbox@=\box67
\big@size=\dimen170
LaTeX Font Info:    Redeclaring font encoding OML on input line 743.
LaTeX Font Info:    Redeclaring font encoding OMS on input line 744.
\macc@depth=\count284
\c@MaxMatrixCols=\count285
\dotsspace@=\muskip16
\c@parentequation=\count286
\dspbrk@lvl=\count287
\tag@help=\toks21
\row@=\count288
\column@=\count289
\maxfields@=\count290
\andhelp@=\toks22
\eqnshift@=\dimen171
\alignsep@=\dimen172
\tagshift@=\dimen173
\tagwidth@=\dimen174
\totwidth@=\dimen175
\lineht@=\dimen176
\@envbody=\toks23
\multlinegap=\skip81
\multlinetaggap=\skip82
\mathdisplay@stack=\toks24
LaTeX Info: Redefining \[ on input line 2923.
LaTeX Info: Redefining \] on input line 2924.
)
(/usr/local/texlive/2021/texmf-dist/tex/latex/amsfonts/amsfonts.sty
Package: amsfonts 2013/01/14 v3.01 Basic AMSFonts support
\symAMSa=\mathgroup4
\symAMSb=\mathgroup5
LaTeX Font Info:    Redeclaring math symbol \hbar on input line 98.
LaTeX Font Info:    Overwriting math alphabet `\mathfrak' in version `bold'
(Font)                  U/euf/m/n --> U/euf/b/n on input line 106.
)
(/usr/local/texlive/2021/texmf-dist/tex/latex/amsfonts/amssymb.sty
Package: amssymb 2013/01/14 v3.01 AMS font symbols
)
(/usr/local/texlive/2021/texmf-dist/tex/latex/url/url.sty
\Urlmuskip=\muskip17
Package: url 2013/09/16  ver 3.4  Verb mode for urls, etc.
)
(/usr/local/texlive/2021/texmf-dist/tex/latex/xcolor/xcolor.sty
Package: xcolor 2016/05/11 v2.12 LaTeX color extensions (UK)

(/usr/local/texlive/2021/texmf-dist/tex/latex/graphics-cfg/color.cfg
File: color.cfg 2016/01/02 v1.6 sample color configuration
)
Package xcolor Info: Driver file: pdftex.def on input line 225.
LaTeX Info: Redefining \color on input line 709.
Package xcolor Info: Model `cmy' substituted by `cmy0' on input line 1348.
Package xcolor Info: Model `hsb' substituted by `rgb' on input line 1352.
Package xcolor Info: Model `RGB' extended on input line 1364.
Package xcolor Info: Model `HTML' substituted by `rgb' on input line 1366.
Package xcolor Info: Model `Hsb' substituted by `hsb' on input line 1367.
Package xcolor Info: Model `tHsb' substituted by `hsb' on input line 1368.
Package xcolor Info: Model `HSB' substituted by `hsb' on input line 1369.
Package xcolor Info: Model `Gray' substituted by `gray' on input line 1370.
Package xcolor Info: Model `wave' substituted by `hsb' on input line 1371.

(/usr/local/texlive/2021/texmf-dist/tex/latex/graphics/dvipsnam.def
File: dvipsnam.def 2016/06/17 v3.0m Driver-dependent file (DPC,SPQR)
))
(/usr/local/texlive/2021/texmf-dist/tex/latex/hyperref/hyperref.sty
Package: hyperref 2021-02-27 v7.00k Hypertext links for LaTeX

(/usr/local/texlive/2021/texmf-dist/tex/generic/ltxcmds/ltxcmds.sty
Package: ltxcmds 2020-05-10 v1.25 LaTeX kernel commands for general use (HO)
)
(/usr/local/texlive/2021/texmf-dist/tex/generic/pdftexcmds/pdftexcmds.sty
Package: pdftexcmds 2020-06-27 v0.33 Utility functions of pdfTeX for LuaTeX (HO
)

(/usr/local/texlive/2021/texmf-dist/tex/generic/infwarerr/infwarerr.sty
Package: infwarerr 2019/12/03 v1.5 Providing info/warning/error messages (HO)
)
Package pdftexcmds Info: \pdf@primitive is available.
Package pdftexcmds Info: \pdf@ifprimitive is available.
Package pdftexcmds Info: \pdfdraftmode found.
)
(/usr/local/texlive/2021/texmf-dist/tex/generic/kvsetkeys/kvsetkeys.sty
Package: kvsetkeys 2019/12/15 v1.18 Key value parser (HO)
)
(/usr/local/texlive/2021/texmf-dist/tex/generic/kvdefinekeys/kvdefinekeys.sty
Package: kvdefinekeys 2019-12-19 v1.6 Define keys (HO)
)
(/usr/local/texlive/2021/texmf-dist/tex/generic/pdfescape/pdfescape.sty
Package: pdfescape 2019/12/09 v1.15 Implements pdfTeX's escape features (HO)
)
(/usr/local/texlive/2021/texmf-dist/tex/latex/hycolor/hycolor.sty
Package: hycolor 2020-01-27 v1.10 Color options for hyperref/bookmark (HO)
)
(/usr/local/texlive/2021/texmf-dist/tex/latex/letltxmacro/letltxmacro.sty
Package: letltxmacro 2019/12/03 v1.6 Let assignment for LaTeX macros (HO)
)
(/usr/local/texlive/2021/texmf-dist/tex/latex/auxhook/auxhook.sty
Package: auxhook 2019-12-17 v1.6 Hooks for auxiliary files (HO)
)
(/usr/local/texlive/2021/texmf-dist/tex/latex/kvoptions/kvoptions.sty
Package: kvoptions 2020-10-07 v3.14 Key value format for package options (HO)
)
\@linkdim=\dimen177
\Hy@linkcounter=\count291
\Hy@pagecounter=\count292

(/usr/local/texlive/2021/texmf-dist/tex/latex/hyperref/pd1enc.def
File: pd1enc.def 2021-02-27 v7.00k Hyperref: PDFDocEncoding definition (HO)
Now handling font encoding PD1 ...
... no UTF-8 mapping file for font encoding PD1
)
(/usr/local/texlive/2021/texmf-dist/tex/latex/hyperref/hyperref-langpatches.def
File: hyperref-langpatches.def 2021-02-27 v7.00k Hyperref: patches for babel la
nguages
) (/usr/local/texlive/2021/texmf-dist/tex/generic/intcalc/intcalc.sty
Package: intcalc 2019/12/15 v1.3 Expandable calculations with integers (HO)
)
(/usr/local/texlive/2021/texmf-dist/tex/generic/etexcmds/etexcmds.sty
Package: etexcmds 2019/12/15 v1.7 Avoid name clashes with e-TeX commands (HO)
)
\Hy@SavedSpaceFactor=\count293

(/usr/local/texlive/2021/texmf-dist/tex/latex/hyperref/puenc.def
File: puenc.def 2021-02-27 v7.00k Hyperref: PDF Unicode definition (HO)
Now handling font encoding PU ...
... no UTF-8 mapping file for font encoding PU
)
Package hyperref Info: Option `colorlinks' set `true' on input line 4073.
Package hyperref Info: Hyper figures OFF on input line 4192.
Package hyperref Info: Link nesting OFF on input line 4197.
Package hyperref Info: Hyper index ON on input line 4200.
Package hyperref Info: Plain pages OFF on input line 4207.
Package hyperref Info: Backreferencing OFF on input line 4212.
Package hyperref Info: Implicit mode ON; LaTeX internals redefined.
Package hyperref Info: Bookmarks ON on input line 4445.
\c@Hy@tempcnt=\count294
LaTeX Info: Redefining \url on input line 4804.
\XeTeXLinkMargin=\dimen178

(/usr/local/texlive/2021/texmf-dist/tex/generic/bitset/bitset.sty
Package: bitset 2019/12/09 v1.3 Handle bit-vector datatype (HO)

(/usr/local/texlive/2021/texmf-dist/tex/generic/bigintcalc/bigintcalc.sty
Package: bigintcalc 2019/12/15 v1.5 Expandable calculations on big integers (HO
)
))
\Fld@menulength=\count295
\Field@Width=\dimen179
\Fld@charsize=\dimen180
Package hyperref Info: Hyper figures OFF on input line 6075.
Package hyperref Info: Link nesting OFF on input line 6080.
Package hyperref Info: Hyper index ON on input line 6083.
Package hyperref Info: backreferencing OFF on input line 6090.
Package hyperref Info: Link coloring ON on input line 6093.
Package hyperref Info: Link coloring with OCG OFF on input line 6100.
Package hyperref Info: PDF/A mode OFF on input line 6105.
LaTeX Info: Redefining \ref on input line 6145.
LaTeX Info: Redefining \pageref on input line 6149.

(/usr/local/texlive/2021/texmf-dist/tex/latex/base/atbegshi-ltx.sty
Package: atbegshi-ltx 2020/08/17 v1.0a Emulation of the original atbegshi packa
ge
with kernel methods
)
\Hy@abspage=\count296
\c@Item=\count297
\c@Hfootnote=\count298
)
Package hyperref Info: Driver (autodetected): hpdftex.

(/usr/local/texlive/2021/texmf-dist/tex/latex/hyperref/hpdftex.def
File: hpdftex.def 2021-02-27 v7.00k Hyperref driver for pdfTeX

(/usr/local/texlive/2021/texmf-dist/tex/latex/base/atveryend-ltx.sty
Package: atveryend-ltx 2020/08/19 v1.0a Emulation of the original atvery packag
e
with kernel methods
)
\Fld@listcount=\count299
\c@bookmark@seq@number=\count300

(/usr/local/texlive/2021/texmf-dist/tex/latex/rerunfilecheck/rerunfilecheck.sty
Package: rerunfilecheck 2019/12/05 v1.9 Rerun checks for auxiliary files (HO)

(/usr/local/texlive/2021/texmf-dist/tex/generic/uniquecounter/uniquecounter.sty
Package: uniquecounter 2019/12/15 v1.4 Provide unlimited unique counter (HO)
)
Package uniquecounter Info: New unique counter `rerunfilecheck' on input line 2
86.
)
\Hy@SectionHShift=\skip83
) (/usr/local/texlive/2021/texmf-dist/tex/latex/tocbibind/tocbibind.sty
Package: tocbibind 2010/10/13 v1.5k extra ToC listings
Package tocbibind Info: The document has section divisions on input line 50.


Package tocbibind Note: Using section or other style headings.

) (/usr/local/texlive/2021/texmf-dist/tex/latex/l3backend/l3backend-pdftex.def
File: l3backend-pdftex.def 2021-03-18 L3 backend support: PDF output (pdfTeX)
\l__color_backend_stack_int=\count301
\l__pdf_internal_box=\box68
) (./PhyGraphUserManual.aux)
\openout1 = `PhyGraphUserManual.aux'.

LaTeX Font Info:    Checking defaults for OML/cmm/m/it on input line 40.
LaTeX Font Info:    ... okay on input line 40.
LaTeX Font Info:    Checking defaults for OMS/cmsy/m/n on input line 40.
LaTeX Font Info:    ... okay on input line 40.
LaTeX Font Info:    Checking defaults for OT1/cmr/m/n on input line 40.
LaTeX Font Info:    ... okay on input line 40.
LaTeX Font Info:    Checking defaults for T1/cmr/m/n on input line 40.
LaTeX Font Info:    ... okay on input line 40.
LaTeX Font Info:    Checking defaults for TS1/cmr/m/n on input line 40.
LaTeX Font Info:    ... okay on input line 40.
LaTeX Font Info:    Checking defaults for OMX/cmex/m/n on input line 40.
LaTeX Font Info:    ... okay on input line 40.
LaTeX Font Info:    Checking defaults for U/cmr/m/n on input line 40.
LaTeX Font Info:    ... okay on input line 40.
LaTeX Font Info:    Checking defaults for PD1/pdf/m/n on input line 40.
LaTeX Font Info:    ... okay on input line 40.
LaTeX Font Info:    Checking defaults for PU/pdf/m/n on input line 40.
LaTeX Font Info:    ... okay on input line 40.

(/usr/local/texlive/2021/texmf-dist/tex/context/base/mkii/supp-pdf.mkii
[Loading MPS to PDF converter (version 2006.09.02).]
\scratchcounter=\count302
\scratchdimen=\dimen181
\scratchbox=\box69
\nofMPsegments=\count303
\nofMParguments=\count304
\everyMPshowfont=\toks25
\MPscratchCnt=\count305
\MPscratchDim=\dimen182
\MPnumerator=\count306
\makeMPintoPDFobject=\count307
\everyMPtoPDFconversion=\toks26
) (/usr/local/texlive/2021/texmf-dist/tex/latex/epstopdf-pkg/epstopdf-base.sty
Package: epstopdf-base 2020-01-24 v2.11 Base part for package epstopdf

(/usr/local/texlive/2021/texmf-dist/tex/latex/grfext/grfext.sty
Package: grfext 2019/12/03 v1.3 Manage graphics extensions (HO)
)
Package epstopdf-base Info: Redefining graphics rule for `.eps' on input line 4
85.
Package grfext Info: Graphics extension search list:
(grfext)             [.pdf,.png,.jpg,.mps,.jpeg,.jbig2,.jb2,.PDF,.PNG,.JPG,.JPE
G,.JBIG2,.JB2,.eps]
(grfext)             \AppendGraphicsExtensions on input line 504.

(/usr/local/texlive/2021/texmf-dist/tex/latex/latexconfig/epstopdf-sys.cfg
File: epstopdf-sys.cfg 2010/07/13 v1.3 Configuration of (r)epstopdf for TeX Liv
e
))
Package caption Info: Begin \AtBeginDocument code.
Package caption Info: hyperref package is loaded.
Package caption Info: End \AtBeginDocument code.
Package hyperref Info: Link coloring ON on input line 40.

(/usr/local/texlive/2021/texmf-dist/tex/latex/hyperref/nameref.sty
Package: nameref 2021-04-02 v2.47 Cross-referencing by name of section

(/usr/local/texlive/2021/texmf-dist/tex/latex/refcount/refcount.sty
Package: refcount 2019/12/15 v3.6 Data extraction from label references (HO)
)
(/usr/local/texlive/2021/texmf-dist/tex/generic/gettitlestring/gettitlestring.s
ty
Package: gettitlestring 2019/12/15 v1.6 Cleanup title references (HO)
)
\c@section@level=\count308
)
LaTeX Info: Redefining \ref on input line 40.
LaTeX Info: Redefining \pageref on input line 40.
LaTeX Info: Redefining \nameref on input line 40.
 (./PhyGraphUserManual.out) (./PhyGraphUserManual.out)
\@outlinefile=\write3
\openout3 = `PhyGraphUserManual.out'.

LaTeX Font Info:    Trying to load font information for U+msa on input line 53.


(/usr/local/texlive/2021/texmf-dist/tex/latex/amsfonts/umsa.fd
File: umsa.fd 2013/01/14 v3.01 AMS symbols A
)
LaTeX Font Info:    Trying to load font information for U+msb on input line 53.


(/usr/local/texlive/2021/texmf-dist/tex/latex/amsfonts/umsb.fd
File: umsb.fd 2013/01/14 v3.01 AMS symbols B
) [1

{/usr/local/texlive/2021/texmf-var/fonts/map/pdftex/updmap/pdftex.map}]
(./PhyGraphUserManual.toc)
\tf@toc=\write4
\openout4 = `PhyGraphUserManual.toc'.

 [2]

Package natbib Warning: Citation `POY2' on page 3 undefined on input line 60.


Package natbib Warning: Citation `POY3' on page 3 undefined on input line 60.


Package natbib Warning: Citation `POY4' on page 3 undefined on input line 60.


Package natbib Warning: Citation `Varonetal2010' on page 3 undefined on input l
ine 60.


Package natbib Warning: Citation `POY5' on page 3 undefined on input line 60.


Package natbib Warning: Citation `Wheeleretal2015' on page 3 undefined on input
 line 60.

LaTeX Font Info:    Font shape `OT1/cmtt/bx/n' in size <12> not available
(Font)              Font shape `OT1/cmtt/m/n' tried instead on input line 79.

Package natbib Warning: Citation `PearsonandLipman1988' on page 3 undefined on 
input line 88.


Package natbib Warning: Citation `WheelerandWashburn2019' on page 3 undefined o
n input line 90.


Package natbib Warning: Citation `Goloboffetal2008' on page 3 undefined on inpu
t line 92.

[3]

Package natbib Warning: Citation `Cardonaetal2008' on page 4 undefined on input
 line 113.


Package natbib Warning: Citation `WheelerPhyloSuperGraphs' on page 4 undefined 
on input line 114.


Overfull \hbox (213.78152pt too wide) in paragraph at lines 122--131
\OT1/cmtt/m/n/10.95 ac . uk / software / figtree/$[][]\OT1/cmr/m/n/10.95 , Den-
dro-scope; [][]$\OT1/cmtt/m/n/10.95 https : / / uni-[]tuebingen . de / fakultae
ten / mathematisch-[]naturwissenschaftliche-[]fakultaet /
 []


Underfull \hbox (badness 10000) in paragraph at lines 122--131

 []

[4]
Underfull \hbox (badness 10000) in paragraph at lines 132--134

 []


Underfull \hbox (badness 10000) in paragraph at lines 132--134

 []


Underfull \hbox (badness 10000) in paragraph at lines 149--151

 []

[5]

Package natbib Warning: Citation `Wheeler2021' on page 6 undefined on input lin
e 173.


Package natbib Warning: Citation `Farris1970' on page 6 undefined on input line
 184.


Package natbib Warning: Citation `Baroni2005' on page 6 undefined on input line
 188.


Package natbib Warning: Citation `Farris1972' on page 6 undefined on input line
 198.


Package natbib Warning: Citation `Moretetal2005' on page 6 undefined on input l
ine 202.


Package natbib Warning: Citation `MiyagiandWheeler2019' on page 6 undefined on 
input line 206.


Package natbib Warning: Citation `Wheeler2022' on page 6 undefined on input lin
e 206.


Package natbib Warning: Citation `Saitou1987' on page 6 undefined on input line
 214.


Package natbib Warning: Citation `SokalandMichener1958' on page 6 undefined on 
input line 217.

[6]

Package natbib Warning: Citation `Wheeler2021' on page 7 undefined on input lin
e 232.


Package natbib Warning: Citation `Dayhoff1969' on page 7 undefined on input lin
e 235.


Package natbib Warning: Citation `Farris1988' on page 7 undefined on input line
 238.


Package natbib Warning: Citation `swofford1990a' on page 7 undefined on input l
ine 238.


Package natbib Warning: Citation `moilanen1999' on page 7 undefined on input li
ne 257.


Package natbib Warning: Citation `moilanen2001' on page 7 undefined on input li
ne 257.


Package natbib Warning: Citation `goloboff1999' on page 7 undefined on input li
ne 257.


Package natbib Warning: Citation `Holland1975' on page 7 undefined on input lin
e 258.

[7]

Package natbib Warning: Citation `PearsonandLipman1988' on page 8 undefined on 
input line 298.


Underfull \hbox (badness 10000) in paragraph at lines 306--307

 []

[8]

Package natbib Warning: Citation `WheelerandWashburn2019' on page 9 undefined o
n input line 310.


Package natbib Warning: Citation `Cardonaetal2008' on page 9 undefined on input
 line 316.


Package natbib Warning: Citation `PearsonandLipman1988' on page 9 undefined on 
input line 322.


Package natbib Warning: Citation `WheelerandWashburn2019' on page 9 undefined o
n input line 325.


Package natbib Warning: Citation `Wheeler2021a' on page 9 undefined on input li
ne 328.


Overfull \hbox (25.66911pt too wide) in paragraph at lines 334--335
\OT1/cmtt/m/n/10.95 newick: \OT1/cmr/m/n/10.95 File con-tains Newick for-mat gr
aph as spec-i-fied by [][]$\OT1/cmtt/m/n/10.95 https : / / evolution . genetics
 . washington .
 []


Package natbib Warning: Citation `PearsonandLipman1988' on page 9 undefined on 
input line 337.


Underfull \hbox (badness 10000) in paragraph at lines 361--366

 []

[9]

Package natbib Warning: Citation `Goloboffetal2008' on page 10 undefined on inp
ut line 372.

LaTeX Font Info:    Font shape `OT1/cmtt/bx/n' in size <10.95> not available
(Font)              Font shape `OT1/cmtt/m/n' tried instead on input line 395.

Underfull \hbox (badness 10000) in paragraph at lines 408--409

 []

[10]
Underfull \hbox (badness 10000) in paragraph at lines 418--419

 []

[11]

Package natbib Warning: Citation `Metropolisetal1953' on page 12 undefined on i
nput line 475.


Package natbib Warning: Citation `Kirkpatricketal1983' on page 12 undefined on 
input line 475.


Package natbib Warning: Citation `Cerny1985' on page 12 undefined on input line
 475.


Package natbib Warning: Citation `goloboff1999' on page 12 undefined on input l
ine 482.

[12]
Overfull \hbox (2.64464pt too wide) in paragraph at lines 491--492
\OT1/cmtt/m/n/10.95 generations:[n] \OT1/cmr/m/n/10.95 Spec-i-fies the num-ber 
of gen-er-a-tions (se-quen-tial it-er-a-tions) for \OT1/cmtt/m/n/10.95 geneticA
lgorithm\OT1/cmr/m/n/10.95 .
 []


Package natbib Warning: Citation `Holland1975' on page 13 undefined on input li
ne 494.


Overfull \hbox (25.08208pt too wide) in paragraph at lines 494--495
\OT1/cmtt/m/n/10.95 geneticAlgorithm|ga \OT1/cmr/m/n/10.95 Per-forms Ge-netic A
l-go-rithm (\OT1/cmr/bx/n/10.95 ?\OT1/cmr/m/n/10.95 ) re-fine-ment in con-cert 
with op-tions \OT1/cmtt/m/n/10.95 generations\OT1/cmr/m/n/10.95 ,
 []


Overfull \hbox (50.70325pt too wide) in paragraph at lines 515--516
\OT1/cmtt/m/n/10.95 severity:[n] \OT1/cmr/m/n/10.95 Spec-i-fies sever-ity of se
-lec-tion against sub-optimal graph so-lu-tions events for \OT1/cmtt/m/n/10.95 
geneticAlgorithm\OT1/cmr/m/n/10.95 .
 []

[13]

Package natbib Warning: Citation `Wheeler2012' on page 14 undefined on input li
ne 548.


Package natbib Warning: Citation `Wheeler2021a' on page 14 undefined on input l
ine 548.


Package natbib Warning: Citation `MiyagiandWheeler2019' on page 14 undefined on
 input line 551.


Package natbib Warning: Citation `Baroni2005' on page 14 undefined on input lin
e 551.


Package natbib Warning: Citation `MargushandMcMorris1981' on page 14 undefined 
on input line 552.


Package natbib Warning: Citation `Schuhandpolhemus1980' on page 14 undefined on
 input line 553.


Package natbib Warning: Citation `Adams1972' on page 14 undefined on input line
 553.


Package natbib Warning: Citation `Nelson1979' on page 14 undefined on input lin
e 555.


Package natbib Warning: Citation `Bremer1990' on page 14 undefined on input lin
e 556.


Overfull \hbox (9.663pt too wide) in paragraph at lines 554--558
\OT1/cmr/m/n/10.95 Species how group com-par-isons are to be made. Ei-ther by i
den-ti-cal match [(A, (B,C))$\OMS/cmsy/m/n/10.95 6\OT1/cmr/m/n/10.95 =$(A,B,C)]
,
 []

[14] [15] [16]

Package natbib Warning: Citation `WheelerandVaron2022' on page 17 undefined on 
input line 680.

[17]

Package natbib Warning: Citation `Wheeler2015' on page 18 undefined on input li
ne 689.


Overfull \hbox (16.14763pt too wide) in paragraph at lines 688--690
\OT1/cmtt/m/n/10.95 graphFactor:nopenalty|W15|PMDL \OT1/cmr/m/n/10.95 Sets the 
net-work penalty for a soft-wired net-work (\OT1/cmtt/m/n/10.95 nopenalty|W15\O
T1/cmr/m/n/10.95 )
 []


Package natbib Warning: Citation `Wheeler2015' on page 18 undefined on input li
ne 700.


Package natbib Warning: Citation `Farrisetal1996' on page 18 undefined on input
 line 726.


Package natbib Warning: Citation `Goodmanetal1982' on page 18 undefined on inpu
t line 726.


Package natbib Warning: Citation `bremer1994' on page 18 undefined on input lin
e 726.


Overfull \hbox (11.15169pt too wide) in paragraph at lines 733--734
\OT1/cmtt/m/n/10.95 bootstrap] \OT1/cmr/m/n/10.95 Spec-i-fies that Boot-strap r
e-sam-pling is per-formed. When re-ported (via \OT1/cmtt/m/n/10.95 report(suppo
rt)\OT1/cmr/m/n/10.95 )
 []


Package natbib Warning: Citation `POY2' on page 18 undefined on input line 738.


[18]

Package natbib Warning: Citation `CaminandSokal1965' on page 19 undefined on in
put line 767.


Package natbib Warning: Citation `Robinson1971' on page 19 undefined on input l
ine 767.


Package natbib Warning: Citation `Dayhoff1969' on page 19 undefined on input li
ne 767.


Package natbib Warning: Citation `Farris1988' on page 19 undefined on input lin
e 767.


Package natbib Warning: Citation `swofford1990a' on page 19 undefined on input 
line 767.


Package natbib Warning: Citation `Metropolisetal1953' on page 19 undefined on i
nput line 773.


Package natbib Warning: Citation `Kirkpatricketal1983' on page 19 undefined on 
input line 773.


Package natbib Warning: Citation `Cerny1985' on page 19 undefined on input line
 773.


Overfull \hbox (35.81163pt too wide) in paragraph at lines 773--777
\OT1/cmr/m/n/10.95 per-formed. The ac-cep-tance of can-di-date graphs is de-ter
-mined by the prob-a-bil-ity $\OML/cmm/m/it/10.95 e[]$\OT1/cmr/m/n/10.95 ,
 []


Package natbib Warning: Citation `goloboff1999' on page 19 undefined on input l
ine 779.

[19]

Package natbib Warning: Citation `Wheeler2003' on page 20 undefined on input li
ne 786.


Package natbib Warning: Citation `CaminandSokal1965' on page 20 undefined on in
put line 796.


Package natbib Warning: Citation `Robinson1971' on page 20 undefined on input l
ine 796.


Package natbib Warning: Citation `Dayhoff1969' on page 20 undefined on input li
ne 799.


Package natbib Warning: Citation `Farris1988' on page 20 undefined on input lin
e 809.


Package natbib Warning: Citation `swofford1990a' on page 20 undefined on input 
line 809.

[20]

Package natbib Warning: Citation `Wheeler2001' on page 21 undefined on input li
ne 839.


Package natbib Warning: Citation `Wheeler2003' on page 21 undefined on input li
ne 846.


Package natbib Warning: Citation `WashburnandWheeler2020' on page 21 undefined 
on input line 846.

[21]
Underfull \hbox (badness 10000) in paragraph at lines 899--902

 []


Underfull \hbox (badness 10000) in paragraph at lines 899--902

 []

[22] (./PhyGraphUserManual.bbl

Package natbib Warning: Empty `thebibliography' environment on input line 3.

)

Package natbib Warning: There were undefined citations.

[23] (./PhyGraphUserManual.aux)
Package rerunfilecheck Info: File `PhyGraphUserManual.out' has not changed.
(rerunfilecheck)             Checksum: 589384F2A7536FFB5EDC8BE5411A511B;3633.
 ) 
Here is how much of TeX's memory you used:
 13351 strings out of 478994
 199732 string characters out of 5858183
 519251 words of memory out of 5000000
 30507 multiletter control sequences out of 15000+600000
 412166 words of font info for 60 fonts, out of 8000000 for 9000
 1141 hyphenation exceptions out of 8191
 83i,6n,88p,440b,470s stack positions out of 5000i,500n,10000p,200000b,80000s
{/usr/local/texlive/2021/texmf-dist/fonts/enc/dvips/cm-super/cm-super-ts1.enc
}</usr/local/texlive/2021/texmf-dist/fonts/type1/public/amsfonts/cm/cmbx10.pfb>
</usr/local/texlive/2021/texmf-dist/fonts/type1/public/amsfonts/cm/cmbx12.pfb><
/usr/local/texlive/2021/texmf-dist/fonts/type1/public/amsfonts/cm/cmmi10.pfb></
usr/local/texlive/2021/texmf-dist/fonts/type1/public/amsfonts/cm/cmmi6.pfb></us
r/local/texlive/2021/texmf-dist/fonts/type1/public/amsfonts/cm/cmmi8.pfb></usr/
local/texlive/2021/texmf-dist/fonts/type1/public/amsfonts/cm/cmr10.pfb></usr/lo
cal/texlive/2021/texmf-dist/fonts/type1/public/amsfonts/cm/cmr12.pfb></usr/loca
l/texlive/2021/texmf-dist/fonts/type1/public/amsfonts/cm/cmr17.pfb></usr/local/
texlive/2021/texmf-dist/fonts/type1/public/amsfonts/cm/cmr8.pfb></usr/local/tex
live/2021/texmf-dist/fonts/type1/public/amsfonts/cm/cmsy10.pfb></usr/local/texl
ive/2021/texmf-dist/fonts/type1/public/amsfonts/cm/cmsy8.pfb></usr/local/texliv
e/2021/texmf-dist/fonts/type1/public/amsfonts/cm/cmti10.pfb></usr/local/texlive
/2021/texmf-dist/fonts/type1/public/amsfonts/cm/cmtt10.pfb></usr/local/texlive/
2021/texmf-dist/fonts/type1/public/amsfonts/cm/cmtt12.pfb></usr/local/texlive/2
021/texmf-dist/fonts/type1/public/cm-super/sfrm1095.pfb>
Output written on PhyGraphUserManual.pdf (23 pages, 233274 bytes).
PDF statistics:
 450 PDF objects out of 1000 (max. 8388607)
 405 compressed objects within 5 object streams
 127 named destinations out of 1000 (max. 500000)
 265 words of extra memory for PDF output out of 10000 (max. 10000000)

